<?xml version="1.0" encoding="UTF-8"?>
<!-- Generated by org.testng.reporters.JUnitXMLReporter -->
<testsuite ignored="3" hostname="Mahak" failures="0" tests="1" name="orange-hrm" time="23.964" errors="0" timestamp="2023-12-12T16:10:43 GMT">
  <testcase classname="com.orangehrmlive.demo.testsuite.UsersTest" name="verifyThatAdminShouldDeleteTheUserSuccessFully" time="20.723"/>
  <testcase classname="com.orangehrmlive.demo.testsuite.UsersTest" name="adminShouldAddUserSuccessFully" time="0.0">
    <ignored/>
  </testcase> <!-- adminShouldAddUserSuccessFully -->
  <testcase classname="com.orangehrmlive.demo.testsuite.UsersTest" name="searchTheUserCreatedAndVerifyIt" time="0.0">
    <ignored/>
  </testcase> <!-- searchTheUserCreatedAndVerifyIt -->
  <testcase classname="com.orangehrmlive.demo.testsuite.UsersTest" name="searchTheUserAndVerifyTheMessageRecordFound" time="0.0">
    <ignored/>
  </testcase> <!-- searchTheUserAndVerifyTheMessageRecordFound -->
</testsuite> <!-- orange-hrm -->
